RXSDK/RXSDK-Android/rxsdk_base/build/intermediates/manifest_merge_blame_file/release/manifest-merger-blame-release-report.txt
1<?xml version="1.0" encoding="utf-8"?>
2<manifest xmlns:android="http://schemas.android.com/apk/res/android"
3    xmlns:tools="http://schemas.android.com/tools"
4    package="com.ruixue.base" >
5
6    <uses-sdk android:minSdkVersion="21" />
6-->src/main/AndroidManifest.xml
7
8    <uses-permission android:name="android.permission.INTERNET" />
8-->src/main/AndroidManifest.xml:6:5-67
8-->src/main/AndroidManifest.xml:6:22-64
9    <uses-permission android:name="android.permission.ACCESS_WIFI_STATE" />
9-->src/main/AndroidManifest.xml:7:5-76
9-->src/main/AndroidManifest.xml:7:22-73
10    <uses-permission android:name="android.permission.ACCESS_NETWORK_STATE" />
10-->src/main/AndroidManifest.xml:8:5-79
10-->src/main/AndroidManifest.xml:8:22-76
11    <uses-permission android:name="android.permission.READ_EXTERNAL_STORAGE" />
11-->src/main/AndroidManifest.xml:9:5-80
11-->src/main/AndroidManifest.xml:9:22-77
12    <uses-permission android:name="com.asus.msa.SupplementaryDID.ACCESS" />
12-->src/main/AndroidManifest.xml:10:5-76
12-->src/main/AndroidManifest.xml:10:22-73
13    <uses-permission android:name="freemme.permission.msa" />
13-->src/main/AndroidManifest.xml:11:5-62
13-->src/main/AndroidManifest.xml:11:22-59
14    <!-- Android 11+：https://developer.android.google.cn/about/versions/11/privacy/package-visibility?hl=zh-cn -->
15    <queries>
15-->src/main/AndroidManifest.xml:38:5-60:15
16
17        <!-- google -->
18        <package android:name="com.google.android.gms" />
18-->src/main/AndroidManifest.xml:40:9-58
18-->src/main/AndroidManifest.xml:40:18-55
19        <package android:name="com.android.vending" />
19-->src/main/AndroidManifest.xml:41:9-55
19-->src/main/AndroidManifest.xml:41:18-52
20        <!-- freeme -->
21        <package android:name="com.android.creator" />
21-->src/main/AndroidManifest.xml:43:9-55
21-->src/main/AndroidManifest.xml:43:18-52
22        <!-- zte -->
23        <package android:name="com.mdid.msa" />
23-->src/main/AndroidManifest.xml:45:9-48
23-->src/main/AndroidManifest.xml:45:18-45
24        <!-- samsung -->
25        <package android:name="com.samsung.android.deviceidservice" />
25-->src/main/AndroidManifest.xml:47:9-71
25-->src/main/AndroidManifest.xml:47:18-68
26        <!-- coolpad -->
27        <package android:name="com.coolpad.deviceidsupport" />
27-->src/main/AndroidManifest.xml:49:9-63
27-->src/main/AndroidManifest.xml:49:18-60
28        <!-- oppo -->
29        <package android:name="com.heytap.openid" />
29-->src/main/AndroidManifest.xml:51:9-53
29-->src/main/AndroidManifest.xml:51:18-50
30        <!-- huawei -->
31        <package android:name="com.huawei.hwid" />
31-->src/main/AndroidManifest.xml:53:9-51
31-->src/main/AndroidManifest.xml:53:18-48
32        <package android:name="com.huawei.hwid.tv" />
32-->src/main/AndroidManifest.xml:54:9-54
32-->src/main/AndroidManifest.xml:54:18-51
33        <package android:name="com.huawei.hms" />
33-->src/main/AndroidManifest.xml:55:9-50
33-->src/main/AndroidManifest.xml:55:18-47
34        <!-- asus -->
35        <package android:name="com.asus.msa.SupplementaryDID" />
35-->src/main/AndroidManifest.xml:57:9-65
35-->src/main/AndroidManifest.xml:57:18-62
36        <!-- lenovo -->
37        <package android:name="com.zui.deviceidservice" />
37-->src/main/AndroidManifest.xml:59:9-59
37-->src/main/AndroidManifest.xml:59:18-56
38    </queries>
39
40    <application
40-->src/main/AndroidManifest.xml:13:5-36:19
41        android:requestLegacyExternalStorage="true"
41-->src/main/AndroidManifest.xml:14:9-52
42        android:usesCleartextTraffic="true"
42-->src/main/AndroidManifest.xml:15:9-44
43        tools:targetApi="m" >
43-->src/main/AndroidManifest.xml:16:9-28
44
45        <!-- 表示当前项目已经适配了分区存储特性 -->
46        <meta-data
46-->src/main/AndroidManifest.xml:18:9-20:36
47            android:name="ScopedStorage"
47-->src/main/AndroidManifest.xml:19:13-41
48            android:value="true" />
48-->src/main/AndroidManifest.xml:20:13-33
49
50        <activity
50-->src/main/AndroidManifest.xml:21:9-26:75
51            android:name="com.ruixue.callback.RXEntryActivity"
51-->src/main/AndroidManifest.xml:22:13-63
52            android:enabled="true"
52-->src/main/AndroidManifest.xml:23:13-35
53            android:exported="true"
53-->src/main/AndroidManifest.xml:24:13-36
54            android:launchMode="singleTask"
54-->src/main/AndroidManifest.xml:25:13-44
55            android:theme="@android:style/Theme.Translucent.NoTitleBar" />
55-->src/main/AndroidManifest.xml:26:13-72
56
57        <provider
57-->src/main/AndroidManifest.xml:27:9-35:20
58            android:name="com.ruixue.internal.RXFileProvider"
58-->src/main/AndroidManifest.xml:28:13-62
59            android:authorities="${applicationId}.rxfileprovider"
59-->src/main/AndroidManifest.xml:29:13-66
60            android:exported="false"
60-->src/main/AndroidManifest.xml:30:13-37
61            android:grantUriPermissions="true" >
61-->src/main/AndroidManifest.xml:31:13-47
62            <meta-data
62-->src/main/AndroidManifest.xml:32:13-34:66
63                android:name="android.support.FILE_PROVIDER_PATHS"
63-->src/main/AndroidManifest.xml:33:17-67
64                android:resource="@xml/rx_file_provider_paths" />
64-->src/main/AndroidManifest.xml:34:17-63
65        </provider>
66    </application>
67
68</manifest>